<?xml version="1.0" encoding="UTF-8"?>
<!-- Generated by org.testng.reporters.JUnitReportReporter -->
<testsuite skipped="0" hostname="VR" name="testcases.TC_006_ModifyDetails" tests="1" failures="0" timestamp="2020-04-16T17:22:06 IST" time="70.420" errors="0">
  <testcase name="modifyDetailsMethod" time="70.420" classname="testcases.TC_006_ModifyDetails"/>
</testsuite> <!-- testcases.TC_006_ModifyDetails -->
