<?xml version="1.0" encoding="UTF-8"?>
<!-- Generated by org.testng.reporters.JUnitReportReporter -->
<testsuite skipped="0" hostname="VR" name="testcases.TC_009_RePrint" tests="1" failures="0" timestamp="2020-04-16T20:00:29 IST" time="39.520" errors="0">
  <testcase name="reprintMethod" time="39.520" classname="testcases.TC_009_RePrint"/>
</testsuite> <!-- testcases.TC_009_RePrint -->
