<?xml version="1.0" encoding="UTF-8"?>
<!-- Generated by org.testng.reporters.JUnitReportReporter -->
<testsuite skipped="0" hostname="VR" name="testcases.TC_002_LandingPage" tests="1" failures="0" timestamp="2020-03-30T15:07:46 IST" time="26.084" errors="0">
  <testcase name="landingPageMethod" time="26.084" classname="testcases.TC_002_LandingPage"/>
</testsuite> <!-- testcases.TC_002_LandingPage -->
