<?xml version="1.0" encoding="UTF-8"?>
<!-- Generated by org.testng.reporters.JUnitReportReporter -->
<testsuite skipped="0" hostname="VR" name="testcases.TC_008_WaitList" tests="1" failures="0" timestamp="2020-04-16T20:00:29 IST" time="46.327" errors="0">
  <testcase name="waitListMethod" time="46.327" classname="testcases.TC_008_WaitList"/>
</testsuite> <!-- testcases.TC_008_WaitList -->
