<?xml version="1.0" encoding="UTF-8"?>
<!-- Generated by org.testng.reporters.JUnitReportReporter -->
<testsuite skipped="0" hostname="VR" name="testcases.TC_007_Reschedule" tests="1" failures="0" timestamp="2020-04-16T20:00:29 IST" time="55.410" errors="0">
  <testcase name="rescheduleMethod" time="55.410" classname="testcases.TC_007_Reschedule"/>
</testsuite> <!-- testcases.TC_007_Reschedule -->
