<?xml version="1.0" encoding="UTF-8"?>
<!-- Generated by org.testng.reporters.JUnitReportReporter -->
<testsuite skipped="0" hostname="VR" name="testcases.TC_006_ModifyDetails" tests="1" failures="0" timestamp="2020-04-16T20:00:29 IST" time="62.531" errors="0">
  <testcase name="modifyDetailsMethod" time="62.531" classname="testcases.TC_006_ModifyDetails"/>
</testsuite> <!-- testcases.TC_006_ModifyDetails -->
