<?xml version="1.0" encoding="UTF-8"?>
<!-- Generated by org.testng.reporters.JUnitReportReporter -->
<testsuite skipped="0" hostname="VR" name="testcases.TC_002_Notification" tests="1" failures="0" timestamp="2020-03-30T12:53:57 IST" time="40.225" errors="0">
  <testcase name="clickNotification" time="40.225" classname="testcases.TC_002_Notification"/>
</testsuite> <!-- testcases.TC_002_Notification -->
