<?xml version="1.0" encoding="UTF-8"?>
<!-- Generated by org.testng.reporters.JUnitReportReporter -->
<testsuite skipped="0" hostname="VR" name="testcases.TC_008_WaitList" tests="1" failures="0" timestamp="2020-04-16T17:22:06 IST" time="76.144" errors="0">
  <testcase name="waitListMethod" time="76.144" classname="testcases.TC_008_WaitList"/>
</testsuite> <!-- testcases.TC_008_WaitList -->
